0 verbose cli /opt/plesk/node/21/bin/node /opt/plesk/node/21/bin/npm
1 info using npm@10.5.0
2 info using node@v21.7.3
3 timing npm:load:whichnode Completed in 1ms
4 timing config:load:defaults Completed in 2ms
5 timing config:load:file:/opt/plesk/node/21/lib/node_modules/npm/npmrc Completed in 1ms
6 timing config:load:builtin Completed in 1ms
7 timing config:load:cli Completed in 3ms
8 timing config:load:env Completed in 0ms
9 timing config:load:file:/srv/data/vhosts/iproject.at/httpdocs/.npmrc Completed in 2ms
10 timing config:load:project Completed in 5ms
11 timing config:load:file:/var/www/vhosts/iproject.at/.npmrc Completed in 2ms
12 timing config:load:user Completed in 2ms
13 timing config:load:file:/opt/plesk/node/21/etc/npmrc Completed in 0ms
14 timing config:load:global Completed in 0ms
15 timing config:load:setEnvs Completed in 1ms
16 timing config:load Completed in 16ms
17 timing npm:load:configload Completed in 16ms
18 timing config:load:flatten Completed in 3ms
19 timing npm:load:mkdirpcache Completed in 0ms
20 timing npm:load:mkdirplogs Completed in 1ms
21 verbose title npm install
22 verbose argv "install"
23 timing npm:load:setTitle Completed in 1ms
24 timing npm:load:display Completed in 1ms
25 verbose logfile logs-max:10 dir:/var/www/vhosts/iproject.at/.npm/_logs/2024-09-21T18_40_10_943Z-
26 verbose logfile /var/www/vhosts/iproject.at/.npm/_logs/2024-09-21T18_40_10_943Z-debug-0.log
27 timing npm:load:logFile Completed in 12ms
28 timing npm:load:timers Completed in 0ms
29 timing npm:load:configScope Completed in 0ms
30 timing npm:load Completed in 56ms
31 timing arborist:ctor Completed in 1ms
32 silly logfile done cleaning log files
33 timing arborist:ctor Completed in 0ms
34 timing idealTree:init Completed in 18ms
35 timing idealTree:userRequests Completed in 0ms
36 silly idealTree buildDeps
37 silly fetch manifest @sveltejs/adapter-auto@^3.0.0
38 http fetch GET 200 https://registry.npmjs.org/@sveltejs%2fadapter-auto 872ms (cache revalidated)
39 silly fetch manifest @sveltejs/kit@^2.0.0
40 http fetch GET 200 https://registry.npmjs.org/@sveltejs%2fkit 223ms (cache revalidated)
41 silly fetch manifest @sveltejs/vite-plugin-svelte@^3.0.0
42 http fetch GET 200 https://registry.npmjs.org/@sveltejs%2fvite-plugin-svelte 202ms (cache revalidated)
43 silly fetch manifest svelte@^4.2.7
44 http fetch GET 200 https://registry.npmjs.org/svelte 108ms (cache revalidated)
45 silly fetch manifest vite@^5.0.3
46 http fetch GET 200 https://registry.npmjs.org/vite 418ms (cache revalidated)
47 silly fetch manifest @types/node@^18.0.0 || >=20.0.0
48 http fetch GET 200 https://registry.npmjs.org/@types%2fnode 201ms (cache revalidated)
49 silly fetch manifest less@*
50 http fetch GET 200 https://registry.npmjs.org/less 97ms (cache revalidated)
51 silly fetch manifest lightningcss@^1.21.0
52 http fetch GET 200 https://registry.npmjs.org/lightningcss 87ms (cache revalidated)
53 silly fetch manifest sass@*
54 http fetch GET 200 https://registry.npmjs.org/sass 83ms (cache revalidated)
55 silly fetch manifest sass-embedded@*
56 http fetch GET 200 https://registry.npmjs.org/sass-embedded 74ms (cache revalidated)
57 silly fetch manifest stylus@*
58 http fetch GET 200 https://registry.npmjs.org/stylus 53ms (cache revalidated)
59 silly fetch manifest sugarss@*
60 http fetch GET 200 https://registry.npmjs.org/sugarss 58ms (cache revalidated)
61 silly fetch manifest postcss@^8.3.3
62 http fetch GET 200 https://registry.npmjs.org/postcss 79ms (cache revalidated)
63 silly fetch manifest terser@^5.4.0
64 http fetch GET 200 https://registry.npmjs.org/terser 72ms (cache revalidated)
65 silly fetch manifest svelte-check@^3.6.0
66 http fetch GET 200 https://registry.npmjs.org/svelte-check 76ms (cache revalidated)
67 silly fetch manifest typescript@^5.0.0
68 http fetch GET 200 https://registry.npmjs.org/typescript 592ms (cache updated)
69 silly placeDep ROOT @sveltejs/adapter-auto@3.2.5 OK for: test@0.0.1 want: ^3.0.0
70 silly placeDep ROOT @sveltejs/kit@2.5.28 OK for: @sveltejs/adapter-auto@3.2.5 want: ^2.0.0
71 silly placeDep ROOT @sveltejs/vite-plugin-svelte@3.1.2 OK for: @sveltejs/kit@2.5.28 want: ^3.0.0 || ^4.0.0-next.1
72 silly placeDep ROOT vite@5.4.7 OK for: @sveltejs/vite-plugin-svelte@3.1.2 want: ^5.0.0
73 silly placeDep ROOT svelte@4.2.19 OK for: @sveltejs/vite-plugin-svelte@3.1.2 want: ^4.0.0 || ^5.0.0-next.0
74 silly placeDep ROOT svelte-check@3.8.6 OK for: test@0.0.1 want: ^3.6.0
75 silly placeDep ROOT typescript@5.6.2 OK for: test@0.0.1 want: ^5.0.0
76 silly fetch manifest import-meta-resolve@^4.1.0
77 silly fetch manifest @types/cookie@^0.6.0
78 silly fetch manifest cookie@^0.6.0
79 silly fetch manifest devalue@^5.0.0
80 silly fetch manifest esm-env@^1.0.0
81 silly fetch manifest kleur@^4.1.5
82 http fetch GET 200 https://registry.npmjs.org/import-meta-resolve 178ms (cache revalidated)
83 silly fetch manifest magic-string@^0.30.5
84 silly fetch manifest mrmime@^2.0.0
85 http fetch GET 200 https://registry.npmjs.org/kleur 178ms (cache revalidated)
86 silly fetch manifest sade@^1.8.1
87 http fetch GET 200 https://registry.npmjs.org/cookie 197ms (cache revalidated)
88 silly fetch manifest set-cookie-parser@^2.6.0
89 http fetch GET 200 https://registry.npmjs.org/@types%2fcookie 218ms (cache revalidated)
90 silly fetch manifest sirv@^2.0.4
91 http fetch GET 200 https://registry.npmjs.org/magic-string 62ms (cache revalidated)
92 silly fetch manifest tiny-glob@^0.2.9
93 http fetch GET 200 https://registry.npmjs.org/sade 77ms (cache revalidated)
94 silly fetch manifest debug@^4.3.4
95 http fetch GET 200 https://registry.npmjs.org/mrmime 92ms (cache revalidated)
96 silly fetch manifest vitefu@^0.2.5
97 http fetch GET 200 https://registry.npmjs.org/set-cookie-parser 76ms (cache revalidated)
98 silly fetch manifest deepmerge@^4.3.1
99 http fetch GET 200 https://registry.npmjs.org/debug 91ms (cache revalidated)
100 silly fetch manifest svelte-hmr@^0.16.0
101 http fetch GET 200 https://registry.npmjs.org/tiny-glob 117ms (cache revalidated)
102 silly fetch manifest magic-string@^0.30.10
103 silly fetch manifest @sveltejs/vite-plugin-svelte-inspector@^2.1.0
104 http fetch GET 200 https://registry.npmjs.org/deepmerge 92ms (cache revalidated)
105 silly fetch manifest acorn@^8.9.0
106 http fetch GET 200 https://registry.npmjs.org/vitefu 147ms (cache revalidated)
107 silly fetch manifest code-red@^1.0.3
108 http fetch GET 200 https://registry.npmjs.org/svelte-hmr 81ms (cache revalidated)
109 silly fetch manifest css-tree@^2.3.1
110 http fetch GET 200 https://registry.npmjs.org/acorn 68ms (cache revalidated)
111 silly fetch manifest aria-query@^5.3.0
112 http fetch GET 200 https://registry.npmjs.org/css-tree 66ms (cache revalidated)
113 silly fetch manifest periscopic@^3.1.0
114 http fetch GET 200 https://registry.npmjs.org/@sveltejs%2fvite-plugin-svelte-inspector 167ms (cache revalidated)
115 silly fetch manifest is-reference@^3.0.1
116 http fetch GET 200 https://registry.npmjs.org/code-red 134ms (cache revalidated)
117 silly fetch manifest magic-string@^0.30.4
118 silly fetch manifest @types/estree@^1.0.1
119 http fetch GET 200 https://registry.npmjs.org/aria-query 86ms (cache revalidated)
120 silly fetch manifest estree-walker@^3.0.3
121 http fetch GET 200 https://registry.npmjs.org/is-reference 82ms (cache revalidated)
122 silly fetch manifest axobject-query@^4.0.0
123 http fetch GET 200 https://registry.npmjs.org/estree-walker 66ms (cache revalidated)
124 silly fetch manifest locate-character@^3.0.0
125 http fetch GET 200 https://registry.npmjs.org/periscopic 108ms (cache revalidated)
126 silly fetch manifest @ampproject/remapping@^2.2.1
127 http fetch GET 200 https://registry.npmjs.org/@types%2festree 88ms (cache revalidated)
128 silly fetch manifest @jridgewell/trace-mapping@^0.3.18
129 http fetch GET 200 https://registry.npmjs.org/devalue 680ms (cache revalidated)
130 silly fetch manifest @jridgewell/sourcemap-codec@^1.4.15
131 http fetch GET 200 https://registry.npmjs.org/axobject-query 76ms (cache revalidated)
132 silly fetch manifest esbuild@^0.21.3
133 http fetch GET 200 https://registry.npmjs.org/esm-env 716ms (cache revalidated)
134 silly fetch manifest postcss@^8.4.43
135 silly fetch manifest rollup@^4.20.0
136 http fetch GET 200 https://registry.npmjs.org/locate-character 93ms (cache revalidated)
137 silly fetch manifest fsevents@~2.3.3
138 http fetch GET 200 https://registry.npmjs.org/@ampproject%2fremapping 92ms (cache revalidated)
139 silly fetch manifest sade@^1.7.4
140 silly fetch manifest chokidar@^3.4.1
141 http fetch GET 200 https://registry.npmjs.org/@jridgewell%2ftrace-mapping 95ms (cache revalidated)
142 silly fetch manifest picocolors@^1.0.0
143 http fetch GET 200 https://registry.npmjs.org/@jridgewell%2fsourcemap-codec 85ms (cache revalidated)
144 silly fetch manifest typescript@^5.0.3
145 silly fetch manifest svelte-preprocess@^5.1.3
146 http fetch GET 200 https://registry.npmjs.org/esbuild 114ms (cache revalidated)
147 silly fetch manifest @jridgewell/trace-mapping@^0.3.17
148 http fetch GET 200 https://registry.npmjs.org/chokidar 127ms (cache revalidated)
149 http fetch GET 200 https://registry.npmjs.org/fsevents 160ms (cache revalidated)
150 http fetch GET 200 https://registry.npmjs.org/sirv 694ms (cache revalidated)
151 http fetch GET 200 https://registry.npmjs.org/picocolors 159ms (cache revalidated)
152 http fetch GET 200 https://registry.npmjs.org/svelte-preprocess 184ms (cache revalidated)
153 http fetch GET 200 https://registry.npmjs.org/rollup 355ms (cache updated)
154 timing idealTree:#root Completed in 5915ms
155 silly placeDep ROOT import-meta-resolve@4.1.0 OK for: @sveltejs/adapter-auto@3.2.5 want: ^4.1.0
156 timing idealTree:node_modules/@sveltejs/adapter-auto Completed in 4ms
157 silly placeDep ROOT @types/cookie@0.6.0 OK for: @sveltejs/kit@2.5.28 want: ^0.6.0
158 silly placeDep ROOT cookie@0.6.0 OK for: @sveltejs/kit@2.5.28 want: ^0.6.0
159 silly placeDep ROOT devalue@5.0.0 OK for: @sveltejs/kit@2.5.28 want: ^5.0.0
160 silly placeDep ROOT esm-env@1.0.0 OK for: @sveltejs/kit@2.5.28 want: ^1.0.0
161 silly placeDep ROOT kleur@4.1.5 OK for: @sveltejs/kit@2.5.28 want: ^4.1.5
162 silly placeDep ROOT magic-string@0.30.11 OK for: @sveltejs/kit@2.5.28 want: ^0.30.5
163 silly placeDep ROOT mrmime@2.0.0 OK for: @sveltejs/kit@2.5.28 want: ^2.0.0
164 silly placeDep ROOT sade@1.8.1 OK for: @sveltejs/kit@2.5.28 want: ^1.8.1
165 silly placeDep ROOT set-cookie-parser@2.7.0 OK for: @sveltejs/kit@2.5.28 want: ^2.6.0
166 silly placeDep ROOT sirv@2.0.4 OK for: @sveltejs/kit@2.5.28 want: ^2.0.4
167 silly placeDep ROOT tiny-glob@0.2.9 OK for: @sveltejs/kit@2.5.28 want: ^0.2.9
168 silly fetch manifest @jridgewell/sourcemap-codec@^1.5.0
169 silly fetch manifest mri@^1.1.0
170 silly fetch manifest @polka/url@^1.0.0-next.24
171 silly fetch manifest totalist@^3.0.0
172 silly fetch manifest globalyzer@0.1.0
173 silly fetch manifest globrex@^0.1.2
174 http fetch GET 200 https://registry.npmjs.org/globalyzer 99ms (cache revalidated)
175 http fetch GET 200 https://registry.npmjs.org/globrex 104ms (cache revalidated)
176 http fetch GET 200 https://registry.npmjs.org/totalist 113ms (cache revalidated)
177 http fetch GET 200 https://registry.npmjs.org/mri 142ms (cache revalidated)
178 http fetch GET 200 https://registry.npmjs.org/@polka%2furl 184ms (cache revalidated)
179 timing idealTree:node_modules/@sveltejs/kit Completed in 221ms
180 silly fetch manifest vite@^5.0.0
181 silly fetch manifest svelte@^4.0.0 || ^5.0.0-next.0
182 silly placeDep ROOT @sveltejs/vite-plugin-svelte-inspector@2.1.0 OK for: @sveltejs/vite-plugin-svelte@3.1.2 want: ^2.1.0
183 silly placeDep ROOT debug@4.3.7 OK for: @sveltejs/vite-plugin-svelte@3.1.2 want: ^4.3.4
184 silly placeDep ROOT deepmerge@4.3.1 OK for: @sveltejs/vite-plugin-svelte@3.1.2 want: ^4.3.1
185 silly placeDep ROOT svelte-hmr@0.16.0 OK for: @sveltejs/vite-plugin-svelte@3.1.2 want: ^0.16.0
186 silly placeDep ROOT vitefu@0.2.5 OK for: @sveltejs/vite-plugin-svelte@3.1.2 want: ^0.2.5
187 silly fetch manifest ms@^2.1.3
188 http fetch GET 200 https://registry.npmjs.org/ms 61ms (cache revalidated)
189 timing idealTree:node_modules/@sveltejs/vite-plugin-svelte Completed in 118ms
190 timing idealTree:node_modules/@sveltejs/vite-plugin-svelte-inspector Completed in 0ms
191 timing idealTree:node_modules/@types/cookie Completed in 0ms
192 timing idealTree:node_modules/cookie Completed in 0ms
193 silly placeDep ROOT ms@2.1.3 OK for: debug@4.3.7 want: ^2.1.3
194 timing idealTree:node_modules/debug Completed in 3ms
195 timing idealTree:node_modules/deepmerge Completed in 0ms
196 timing idealTree:node_modules/devalue Completed in 0ms
197 timing idealTree:node_modules/esm-env Completed in 0ms
198 timing idealTree:node_modules/import-meta-resolve Completed in 0ms
199 timing idealTree:node_modules/kleur Completed in 0ms
200 silly placeDep ROOT @jridgewell/sourcemap-codec@1.5.0 OK for: magic-string@0.30.11 want: ^1.5.0
201 timing idealTree:node_modules/magic-string Completed in 4ms
202 timing idealTree:node_modules/@jridgewell/sourcemap-codec Completed in 0ms
203 timing idealTree:node_modules/mrmime Completed in 0ms
204 timing idealTree:node_modules/ms Completed in 0ms
205 silly placeDep ROOT mri@1.2.0 OK for: sade@1.8.1 want: ^1.1.0
206 timing idealTree:node_modules/sade Completed in 3ms
207 timing idealTree:node_modules/mri Completed in 0ms
208 timing idealTree:node_modules/set-cookie-parser Completed in 1ms
209 silly placeDep ROOT @polka/url@1.0.0-next.28 OK for: sirv@2.0.4 want: ^1.0.0-next.24
210 silly placeDep ROOT totalist@3.0.1 OK for: sirv@2.0.4 want: ^3.0.0
211 timing idealTree:node_modules/sirv Completed in 6ms
212 timing idealTree:node_modules/@polka/url Completed in 0ms
213 silly placeDep ROOT @ampproject/remapping@2.3.0 OK for: svelte@4.2.19 want: ^2.2.1
214 silly placeDep ROOT @jridgewell/trace-mapping@0.3.25 OK for: svelte@4.2.19 want: ^0.3.18
215 silly placeDep ROOT @types/estree@1.0.6 OK for: svelte@4.2.19 want: ^1.0.1
216 silly placeDep ROOT acorn@8.12.1 OK for: svelte@4.2.19 want: ^8.9.0
217 silly placeDep ROOT aria-query@5.3.2 OK for: svelte@4.2.19 want: ^5.3.0
218 silly placeDep ROOT axobject-query@4.1.0 OK for: svelte@4.2.19 want: ^4.0.0
219 silly placeDep ROOT code-red@1.0.4 OK for: svelte@4.2.19 want: ^1.0.3
220 silly placeDep ROOT css-tree@2.3.1 OK for: svelte@4.2.19 want: ^2.3.1
221 silly placeDep ROOT estree-walker@3.0.3 OK for: svelte@4.2.19 want: ^3.0.3
222 silly placeDep ROOT is-reference@3.0.2 OK for: svelte@4.2.19 want: ^3.0.1
223 silly placeDep ROOT locate-character@3.0.0 OK for: svelte@4.2.19 want: ^3.0.0
224 silly placeDep ROOT periscopic@3.1.0 OK for: svelte@4.2.19 want: ^3.1.0
225 silly fetch manifest @jridgewell/gen-mapping@^0.3.5
226 silly fetch manifest @jridgewell/trace-mapping@^0.3.24
227 silly fetch manifest @jridgewell/resolve-uri@^3.1.0
228 silly fetch manifest mdn-data@2.0.30
229 silly fetch manifest source-map-js@^1.0.1
230 http fetch GET 200 https://registry.npmjs.org/source-map-js 46ms (cache revalidated)
231 http fetch GET 200 https://registry.npmjs.org/mdn-data 54ms (cache revalidated)
232 http fetch GET 200 https://registry.npmjs.org/@jridgewell%2fresolve-uri 93ms (cache revalidated)
233 http fetch GET 200 https://registry.npmjs.org/@jridgewell%2fgen-mapping 106ms (cache revalidated)
234 timing idealTree:node_modules/svelte Completed in 151ms
235 silly placeDep ROOT @jridgewell/gen-mapping@0.3.5 OK for: @ampproject/remapping@2.3.0 want: ^0.3.5
236 silly fetch manifest @jridgewell/set-array@^1.2.1
237 http fetch GET 200 https://registry.npmjs.org/@jridgewell%2fset-array 78ms (cache revalidated)
238 timing idealTree:node_modules/@ampproject/remapping Completed in 85ms
239 silly placeDep ROOT @jridgewell/set-array@1.2.1 OK for: @jridgewell/gen-mapping@0.3.5 want: ^1.2.1
240 timing idealTree:node_modules/@jridgewell/gen-mapping Completed in 3ms
241 timing idealTree:node_modules/@jridgewell/set-array Completed in 0ms
242 silly placeDep ROOT @jridgewell/resolve-uri@3.1.2 OK for: @jridgewell/trace-mapping@0.3.25 want: ^3.1.0
243 timing idealTree:node_modules/@jridgewell/trace-mapping Completed in 3ms
244 timing idealTree:node_modules/@jridgewell/resolve-uri Completed in 0ms
245 timing idealTree:node_modules/@types/estree Completed in 0ms
246 timing idealTree:node_modules/acorn Completed in 0ms
247 timing idealTree:node_modules/aria-query Completed in 0ms
248 timing idealTree:node_modules/axobject-query Completed in 0ms
249 timing idealTree:node_modules/code-red Completed in 0ms
250 silly placeDep ROOT mdn-data@2.0.30 OK for: css-tree@2.3.1 want: 2.0.30
251 silly placeDep ROOT source-map-js@1.2.1 OK for: css-tree@2.3.1 want: ^1.0.1
252 timing idealTree:node_modules/css-tree Completed in 6ms
253 timing idealTree:node_modules/estree-walker Completed in 0ms
254 timing idealTree:node_modules/is-reference Completed in 0ms
255 timing idealTree:node_modules/locate-character Completed in 0ms
256 timing idealTree:node_modules/mdn-data Completed in 0ms
257 timing idealTree:node_modules/periscopic Completed in 0ms
258 timing idealTree:node_modules/source-map-js Completed in 0ms
259 silly fetch manifest @babel/core@^7.10.2
260 http fetch GET 200 https://registry.npmjs.org/@babel%2fcore 68ms (cache revalidated)
261 silly fetch manifest coffeescript@^2.5.1
262 http fetch GET 200 https://registry.npmjs.org/coffeescript 52ms (cache revalidated)
263 silly fetch manifest less@^3.11.3 || ^4.0.0
264 silly fetch manifest postcss@^7 || ^8
265 silly fetch manifest postcss-load-config@^2.1.0 || ^3.0.0 || ^4.0.0 || ^5.0.0
266 http fetch GET 200 https://registry.npmjs.org/postcss-load-config 42ms (cache revalidated)
267 silly fetch manifest jiti@>=1.21.0
268 http fetch GET 200 https://registry.npmjs.org/jiti 46ms (cache revalidated)
269 silly fetch manifest tsx@^4.8.1
270 http fetch GET 200 https://registry.npmjs.org/tsx 603ms (cache revalidated)
271 silly fetch manifest pug@^3.0.0
272 http fetch GET 200 https://registry.npmjs.org/pug 100ms (cache revalidated)
273 silly fetch manifest sass@^1.26.8
274 silly fetch manifest stylus@^0.55.0
275 silly fetch manifest sugarss@^2.0.0 || ^3.0.0 || ^4.0.0
276 silly fetch manifest svelte@^3.55.0 || ^4.0.0-next.0 || ^4.0.0 || ^5.0.0-next.0
277 silly placeDep ROOT chokidar@3.6.0 OK for: svelte-check@3.8.6 want: ^3.4.1
278 silly placeDep ROOT picocolors@1.1.0 OK for: svelte-check@3.8.6 want: ^1.0.0
279 silly placeDep ROOT svelte-preprocess@5.1.4 OK for: svelte-check@3.8.6 want: ^5.1.3
280 silly fetch manifest braces@~3.0.2
281 silly fetch manifest is-glob@~4.0.1
282 silly fetch manifest anymatch@~3.1.2
283 silly fetch manifest readdirp@~3.6.0
284 silly fetch manifest glob-parent@~5.1.2
285 silly fetch manifest is-binary-path@~2.1.0
286 silly fetch manifest normalize-path@~3.0.0
287 http fetch GET 200 https://registry.npmjs.org/braces 57ms (cache revalidated)
288 silly fetch manifest fsevents@~2.3.2
289 silly fetch manifest sorcery@^0.11.0
290 http fetch GET 200 https://registry.npmjs.org/readdirp 79ms (cache revalidated)
291 silly fetch manifest @types/pug@^2.0.6
292 http fetch GET 200 https://registry.npmjs.org/normalize-path 88ms (cache revalidated)
293 silly fetch manifest strip-indent@^3.0.0
294 http fetch GET 200 https://registry.npmjs.org/is-binary-path 93ms (cache revalidated)
295 silly fetch manifest detect-indent@^6.1.0
296 http fetch GET 200 https://registry.npmjs.org/anymatch 100ms (cache revalidated)
297 http fetch GET 200 https://registry.npmjs.org/glob-parent 110ms (cache revalidated)
298 http fetch GET 200 https://registry.npmjs.org/is-glob 125ms (cache revalidated)
299 http fetch GET 200 https://registry.npmjs.org/strip-indent 60ms (cache revalidated)
300 http fetch GET 200 https://registry.npmjs.org/detect-indent 70ms (cache revalidated)
301 http fetch GET 200 https://registry.npmjs.org/sorcery 603ms (cache revalidated)
302 http fetch GET 200 https://registry.npmjs.org/@types%2fpug 710ms (cache revalidated)
303 timing idealTree:node_modules/svelte-check Completed in 1820ms
304 silly placeDep ROOT anymatch@3.1.3 OK for: chokidar@3.6.0 want: ~3.1.2
305 silly placeDep ROOT braces@3.0.3 OK for: chokidar@3.6.0 want: ~3.0.2
306 silly placeDep ROOT fsevents@2.3.3 OK for: chokidar@3.6.0 want: ~2.3.2
307 silly placeDep ROOT glob-parent@5.1.2 OK for: chokidar@3.6.0 want: ~5.1.2
308 silly placeDep ROOT is-binary-path@2.1.0 OK for: chokidar@3.6.0 want: ~2.1.0
309 silly placeDep ROOT is-glob@4.0.3 OK for: chokidar@3.6.0 want: ~4.0.1
310 silly placeDep ROOT normalize-path@3.0.0 OK for: chokidar@3.6.0 want: ~3.0.0
311 silly placeDep ROOT readdirp@3.6.0 OK for: chokidar@3.6.0 want: ~3.6.0
312 silly fetch manifest picomatch@^2.0.4
313 silly fetch manifest normalize-path@^3.0.0
314 silly fetch manifest fill-range@^7.1.1
315 silly fetch manifest is-glob@^4.0.1
316 silly fetch manifest binary-extensions@^2.0.0
317 silly fetch manifest is-extglob@^2.1.1
318 silly fetch manifest picomatch@^2.2.1
319 http fetch GET 200 https://registry.npmjs.org/is-extglob 53ms (cache revalidated)
320 http fetch GET 200 https://registry.npmjs.org/binary-extensions 59ms (cache revalidated)
321 http fetch GET 200 https://registry.npmjs.org/picomatch 66ms (cache revalidated)
322 http fetch GET 200 https://registry.npmjs.org/fill-range 75ms (cache revalidated)
323 http fetch GET 200 https://registry.npmjs.org/picomatch 85ms (cache revalidated)
324 timing idealTree:node_modules/chokidar Completed in 113ms
325 silly placeDep ROOT picomatch@2.3.1 OK for: anymatch@3.1.3 want: ^2.0.4
326 timing idealTree:node_modules/anymatch Completed in 4ms
327 silly placeDep ROOT fill-range@7.1.1 OK for: braces@3.0.3 want: ^7.1.1
328 silly fetch manifest to-regex-range@^5.0.1
329 http fetch GET 200 https://registry.npmjs.org/to-regex-range 152ms (cache revalidated)
330 timing idealTree:node_modules/braces Completed in 159ms
331 silly placeDep ROOT to-regex-range@5.0.1 OK for: fill-range@7.1.1 want: ^5.0.1
332 silly fetch manifest is-number@^7.0.0
333 http fetch GET 200 https://registry.npmjs.org/is-number 72ms (cache revalidated)
334 timing idealTree:node_modules/fill-range Completed in 80ms
335 timing idealTree:node_modules/fsevents Completed in 0ms
336 timing idealTree:node_modules/glob-parent Completed in 0ms
337 silly placeDep ROOT binary-extensions@2.3.0 OK for: is-binary-path@2.1.0 want: ^2.0.0
338 timing idealTree:node_modules/is-binary-path Completed in 3ms
339 timing idealTree:node_modules/binary-extensions Completed in 0ms
340 silly placeDep ROOT is-extglob@2.1.1 OK for: is-glob@4.0.3 want: ^2.1.1
341 timing idealTree:node_modules/is-glob Completed in 3ms
342 timing idealTree:node_modules/is-extglob Completed in 0ms
343 timing idealTree:node_modules/normalize-path Completed in 1ms
344 timing idealTree:node_modules/picocolors Completed in 0ms
345 timing idealTree:node_modules/picomatch Completed in 0ms
346 timing idealTree:node_modules/readdirp Completed in 0ms
347 timing idealTree:node_modules/svelte-hmr Completed in 0ms
348 silly placeDep ROOT @types/pug@2.0.10 OK for: svelte-preprocess@5.1.4 want: ^2.0.6
349 silly placeDep ROOT detect-indent@6.1.0 OK for: svelte-preprocess@5.1.4 want: ^6.1.0
350 silly placeDep ROOT sorcery@0.11.1 OK for: svelte-preprocess@5.1.4 want: ^0.11.0
351 silly placeDep ROOT strip-indent@3.0.0 OK for: svelte-preprocess@5.1.4 want: ^3.0.0
352 silly fetch manifest sander@^0.5.0
353 silly fetch manifest minimist@^1.2.0
354 silly fetch manifest buffer-crc32@^1.0.0
355 silly fetch manifest min-indent@^1.0.0
356 http fetch GET 200 https://registry.npmjs.org/minimist 50ms (cache revalidated)
357 http fetch GET 200 https://registry.npmjs.org/buffer-crc32 61ms (cache revalidated)
358 http fetch GET 200 https://registry.npmjs.org/min-indent 67ms (cache revalidated)
359 http fetch GET 200 https://registry.npmjs.org/sander 607ms (cache revalidated)
360 timing idealTree:node_modules/svelte-preprocess Completed in 629ms
361 timing idealTree:node_modules/@types/pug Completed in 0ms
362 timing idealTree:node_modules/detect-indent Completed in 0ms
363 silly placeDep ROOT buffer-crc32@1.0.0 OK for: sorcery@0.11.1 want: ^1.0.0
364 silly placeDep ROOT minimist@1.2.8 OK for: sorcery@0.11.1 want: ^1.2.0
365 silly placeDep ROOT sander@0.5.1 OK for: sorcery@0.11.1 want: ^0.5.0
366 silly fetch manifest es6-promise@^3.1.2
367 silly fetch manifest mkdirp@^0.5.1
368 silly fetch manifest rimraf@^2.5.2
369 silly fetch manifest graceful-fs@^4.1.3
370 http fetch GET 200 https://registry.npmjs.org/rimraf 55ms (cache revalidated)
371 http fetch GET 200 https://registry.npmjs.org/graceful-fs 73ms (cache revalidated)
372 http fetch GET 200 https://registry.npmjs.org/es6-promise 82ms (cache revalidated)
373 http fetch GET 200 https://registry.npmjs.org/mkdirp 86ms (cache revalidated)
374 timing idealTree:node_modules/sorcery Completed in 102ms
375 timing idealTree:node_modules/buffer-crc32 Completed in 0ms
376 timing idealTree:node_modules/minimist Completed in 0ms
377 silly placeDep ROOT es6-promise@3.3.1 OK for: sander@0.5.1 want: ^3.1.2
378 silly placeDep ROOT graceful-fs@4.2.11 OK for: sander@0.5.1 want: ^4.1.3
379 silly placeDep ROOT mkdirp@0.5.6 OK for: sander@0.5.1 want: ^0.5.1
380 silly placeDep ROOT rimraf@2.7.1 OK for: sander@0.5.1 want: ^2.5.2
381 silly fetch manifest glob@^7.1.3
382 http fetch GET 200 https://registry.npmjs.org/glob 52ms (cache revalidated)
383 timing idealTree:node_modules/sander Completed in 77ms
384 timing idealTree:node_modules/es6-promise Completed in 0ms
385 timing idealTree:node_modules/graceful-fs Completed in 0ms
386 timing idealTree:node_modules/mkdirp Completed in 0ms
387 silly placeDep ROOT glob@7.2.3 OK for: rimraf@2.7.1 want: ^7.1.3
388 silly fetch manifest once@^1.3.0
389 silly fetch manifest inflight@^1.0.4
390 silly fetch manifest inherits@2
391 silly fetch manifest minimatch@^3.1.1
392 silly fetch manifest fs.realpath@^1.0.0
393 silly fetch manifest path-is-absolute@^1.0.0
394 http fetch GET 200 https://registry.npmjs.org/once 66ms (cache revalidated)
395 http fetch GET 200 https://registry.npmjs.org/inherits 71ms (cache revalidated)
396 http fetch GET 200 https://registry.npmjs.org/fs.realpath 77ms (cache revalidated)
397 http fetch GET 200 https://registry.npmjs.org/inflight 82ms (cache revalidated)
398 http fetch GET 200 https://registry.npmjs.org/path-is-absolute 85ms (cache revalidated)
399 http fetch GET 200 https://registry.npmjs.org/minimatch 97ms (cache revalidated)
400 timing idealTree:node_modules/rimraf Completed in 115ms
401 silly placeDep ROOT fs.realpath@1.0.0 OK for: glob@7.2.3 want: ^1.0.0
402 silly placeDep ROOT inflight@1.0.6 OK for: glob@7.2.3 want: ^1.0.4
403 silly placeDep ROOT inherits@2.0.4 OK for: glob@7.2.3 want: 2
404 silly placeDep ROOT minimatch@3.1.2 OK for: glob@7.2.3 want: ^3.1.1
405 silly placeDep ROOT once@1.4.0 OK for: glob@7.2.3 want: ^1.3.0
406 silly placeDep ROOT path-is-absolute@1.0.1 OK for: glob@7.2.3 want: ^1.0.0
407 silly fetch manifest wrappy@1
408 silly fetch manifest brace-expansion@^1.1.7
409 http fetch GET 200 https://registry.npmjs.org/brace-expansion 45ms (cache revalidated)
410 http fetch GET 200 https://registry.npmjs.org/wrappy 61ms (cache revalidated)
411 timing idealTree:node_modules/glob Completed in 80ms
412 timing idealTree:node_modules/fs.realpath Completed in 0ms
413 silly placeDep ROOT wrappy@1.0.2 OK for: inflight@1.0.6 want: 1
414 timing idealTree:node_modules/inflight Completed in 4ms
415 timing idealTree:node_modules/inherits Completed in 0ms
416 silly placeDep ROOT brace-expansion@1.1.11 OK for: minimatch@3.1.2 want: ^1.1.7
417 silly fetch manifest balanced-match@^1.0.0
418 silly fetch manifest concat-map@0.0.1
419 http fetch GET 200 https://registry.npmjs.org/balanced-match 46ms (cache revalidated)
420 http fetch GET 200 https://registry.npmjs.org/concat-map 74ms (cache revalidated)
421 timing idealTree:node_modules/minimatch Completed in 81ms
422 silly placeDep ROOT balanced-match@1.0.2 OK for: brace-expansion@1.1.11 want: ^1.0.0
423 silly placeDep ROOT concat-map@0.0.1 OK for: brace-expansion@1.1.11 want: 0.0.1
424 timing idealTree:node_modules/brace-expansion Completed in 6ms
425 timing idealTree:node_modules/balanced-match Completed in 0ms
426 timing idealTree:node_modules/concat-map Completed in 0ms
427 timing idealTree:node_modules/once Completed in 0ms
428 timing idealTree:node_modules/path-is-absolute Completed in 0ms
429 silly placeDep ROOT min-indent@1.0.1 OK for: strip-indent@3.0.0 want: ^1.0.0
430 timing idealTree:node_modules/strip-indent Completed in 3ms
431 timing idealTree:node_modules/min-indent Completed in 0ms
432 silly placeDep ROOT globalyzer@0.1.0 OK for: tiny-glob@0.2.9 want: 0.1.0
433 silly placeDep ROOT globrex@0.1.2 OK for: tiny-glob@0.2.9 want: ^0.1.2
434 timing idealTree:node_modules/tiny-glob Completed in 7ms
435 timing idealTree:node_modules/globalyzer Completed in 0ms
436 timing idealTree:node_modules/globrex Completed in 0ms
437 silly placeDep ROOT is-number@7.0.0 OK for: to-regex-range@5.0.1 want: ^7.0.0
438 timing idealTree:node_modules/to-regex-range Completed in 3ms
439 timing idealTree:node_modules/is-number Completed in 0ms
440 timing idealTree:node_modules/totalist Completed in 0ms
441 timing idealTree:node_modules/typescript Completed in 0ms
442 silly placeDep ROOT esbuild@0.21.5 OK for: vite@5.4.7 want: ^0.21.3
443 silly placeDep ROOT postcss@8.4.47 OK for: vite@5.4.7 want: ^8.4.43
444 silly placeDep ROOT rollup@4.22.4 OK for: vite@5.4.7 want: ^4.20.0
445 silly fetch manifest @esbuild/aix-ppc64@0.21.5
446 silly fetch manifest @esbuild/linux-arm@0.21.5
447 silly fetch manifest @esbuild/linux-x64@0.21.5
448 silly fetch manifest @esbuild/sunos-x64@0.21.5
449 silly fetch manifest @esbuild/win32-x64@0.21.5
450 silly fetch manifest @esbuild/darwin-x64@0.21.5
451 silly fetch manifest @esbuild/linux-ia32@0.21.5
452 http fetch GET 200 https://registry.npmjs.org/@esbuild%2flinux-arm 108ms (cache revalidated)
453 silly fetch manifest @esbuild/netbsd-x64@0.21.5
454 http fetch GET 200 https://registry.npmjs.org/@esbuild%2flinux-x64 117ms (cache revalidated)
455 silly fetch manifest @esbuild/win32-ia32@0.21.5
456 http fetch GET 200 https://registry.npmjs.org/@esbuild%2fsunos-x64 148ms (cache revalidated)
457 silly fetch manifest @esbuild/android-arm@0.21.5
458 http fetch GET 200 https://registry.npmjs.org/@esbuild%2fwin32-x64 153ms (cache revalidated)
459 silly fetch manifest @esbuild/android-x64@0.21.5
460 http fetch GET 200 https://registry.npmjs.org/@esbuild%2faix-ppc64 169ms (cache revalidated)
461 silly fetch manifest @esbuild/freebsd-x64@0.21.5
462 http fetch GET 200 https://registry.npmjs.org/@esbuild%2flinux-ia32 168ms (cache revalidated)
463 silly fetch manifest @esbuild/linux-arm64@0.21.5
464 http fetch GET 200 https://registry.npmjs.org/@esbuild%2fnetbsd-x64 132ms (cache revalidated)
465 silly fetch manifest @esbuild/linux-ppc64@0.21.5
466 http fetch GET 200 https://registry.npmjs.org/@esbuild%2fwin32-ia32 144ms (cache revalidated)
467 silly fetch manifest @esbuild/linux-s390x@0.21.5
468 http fetch GET 200 https://registry.npmjs.org/@esbuild%2flinux-arm64 104ms (cache revalidated)
469 silly fetch manifest @esbuild/openbsd-x64@0.21.5
470 http fetch GET 200 https://registry.npmjs.org/@esbuild%2fandroid-arm 144ms (cache revalidated)
471 silly fetch manifest @esbuild/win32-arm64@0.21.5
472 http fetch GET 200 https://registry.npmjs.org/@esbuild%2ffreebsd-x64 142ms (cache revalidated)
473 silly fetch manifest @esbuild/darwin-arm64@0.21.5
474 http fetch GET 200 https://registry.npmjs.org/@esbuild%2fandroid-x64 158ms (cache revalidated)
475 silly fetch manifest @esbuild/android-arm64@0.21.5
476 http fetch GET 200 https://registry.npmjs.org/@esbuild%2flinux-ppc64 127ms (cache revalidated)
477 silly fetch manifest @esbuild/freebsd-arm64@0.21.5
478 http fetch GET 200 https://registry.npmjs.org/@esbuild%2flinux-s390x 121ms (cache revalidated)
479 silly fetch manifest @esbuild/linux-loong64@0.21.5
480 http fetch GET 200 https://registry.npmjs.org/@esbuild%2fopenbsd-x64 121ms (cache revalidated)
481 silly fetch manifest @esbuild/linux-riscv64@0.21.5
482 http fetch GET 200 https://registry.npmjs.org/@esbuild%2fwin32-arm64 127ms (cache revalidated)
483 silly fetch manifest @esbuild/linux-mips64el@0.21.5
484 http fetch GET 200 https://registry.npmjs.org/@esbuild%2fandroid-arm64 119ms (cache revalidated)
485 silly fetch manifest nanoid@^3.3.7
486 http fetch GET 200 https://registry.npmjs.org/@esbuild%2fdarwin-arm64 144ms (cache revalidated)
487 silly fetch manifest @types/estree@1.0.5
488 silly fetch manifest @rollup/rollup-darwin-x64@4.22.4
489 http fetch GET 200 https://registry.npmjs.org/@esbuild%2fdarwin-x64 468ms (cache revalidated)
490 silly fetch manifest @rollup/rollup-darwin-arm64@4.22.4
491 http fetch GET 200 https://registry.npmjs.org/nanoid 45ms (cache revalidated)
492 silly fetch manifest @rollup/rollup-android-arm64@4.22.4
493 http fetch GET 200 https://registry.npmjs.org/@esbuild%2flinux-loong64 119ms (cache revalidated)
494 silly fetch manifest @rollup/rollup-linux-x64-gnu@4.22.4
495 http fetch GET 200 https://registry.npmjs.org/@esbuild%2ffreebsd-arm64 139ms (cache revalidated)
496 silly fetch manifest @rollup/rollup-linux-x64-musl@4.22.4
497 http fetch GET 200 https://registry.npmjs.org/@esbuild%2flinux-riscv64 118ms (cache revalidated)
498 silly fetch manifest @rollup/rollup-win32-x64-msvc@4.22.4
499 http fetch GET 200 https://registry.npmjs.org/@esbuild%2flinux-mips64el 133ms (cache revalidated)
500 silly fetch manifest @rollup/rollup-linux-arm64-gnu@4.22.4
501 http fetch GET 200 https://registry.npmjs.org/@rollup%2frollup-darwin-x64 193ms (cache updated)
502 silly fetch manifest @rollup/rollup-linux-s390x-gnu@4.22.4
503 http fetch GET 200 https://registry.npmjs.org/@rollup%2frollup-win32-x64-msvc 182ms (cache updated)
504 silly fetch manifest @rollup/rollup-win32-ia32-msvc@4.22.4
505 http fetch GET 200 https://registry.npmjs.org/@rollup%2frollup-linux-x64-gnu 202ms (cache updated)
506 silly fetch manifest @rollup/rollup-android-arm-eabi@4.22.4
507 http fetch GET 200 https://registry.npmjs.org/@rollup%2frollup-android-arm-eabi 223ms (cache updated)
508 silly fetch manifest @rollup/rollup-linux-arm64-musl@4.22.4
509 http fetch GET 200 https://registry.npmjs.org/@rollup%2frollup-linux-arm64-musl 169ms (cache updated)
510 silly fetch manifest @rollup/rollup-win32-arm64-msvc@4.22.4
511 http fetch GET 200 https://registry.npmjs.org/@rollup%2frollup-darwin-arm64 729ms (cache updated)
512 silly fetch manifest @rollup/rollup-linux-riscv64-gnu@4.22.4
513 http fetch GET 200 https://registry.npmjs.org/@rollup%2frollup-android-arm64 727ms (cache updated)
514 silly fetch manifest @rollup/rollup-linux-arm-gnueabihf@4.22.4
515 http fetch GET 200 https://registry.npmjs.org/@rollup%2frollup-linux-arm64-gnu 693ms (cache updated)
516 silly fetch manifest @rollup/rollup-linux-arm-musleabihf@4.22.4
517 http fetch GET 200 https://registry.npmjs.org/@rollup%2frollup-linux-s390x-gnu 645ms (cache updated)
518 silly fetch manifest @rollup/rollup-linux-powerpc64le-gnu@4.22.4
519 http fetch GET 200 https://registry.npmjs.org/@rollup%2frollup-linux-x64-musl 800ms (cache updated)
520 http fetch GET 200 https://registry.npmjs.org/@rollup%2frollup-win32-arm64-msvc 226ms (cache updated)
521 http fetch GET 200 https://registry.npmjs.org/@rollup%2frollup-linux-riscv64-gnu 211ms (cache updated)
522 http fetch GET 200 https://registry.npmjs.org/@rollup%2frollup-linux-arm-gnueabihf 194ms (cache updated)
523 http fetch GET 200 https://registry.npmjs.org/@rollup%2frollup-linux-arm-musleabihf 188ms (cache updated)
524 http fetch GET 200 https://registry.npmjs.org/@rollup%2frollup-linux-powerpc64le-gnu 194ms (cache updated)
525 http fetch GET 200 https://registry.npmjs.org/@rollup%2frollup-win32-ia32-msvc 1178ms (cache updated)
526 timing idealTree:node_modules/vite Completed in 1911ms
527 silly placeDep ROOT @esbuild/aix-ppc64@0.21.5 OK for: esbuild@0.21.5 want: 0.21.5
528 silly placeDep ROOT @esbuild/android-arm@0.21.5 OK for: esbuild@0.21.5 want: 0.21.5
529 silly placeDep ROOT @esbuild/android-arm64@0.21.5 OK for: esbuild@0.21.5 want: 0.21.5
530 silly placeDep ROOT @esbuild/android-x64@0.21.5 OK for: esbuild@0.21.5 want: 0.21.5
531 silly placeDep ROOT @esbuild/darwin-arm64@0.21.5 OK for: esbuild@0.21.5 want: 0.21.5
532 silly placeDep ROOT @esbuild/darwin-x64@0.21.5 OK for: esbuild@0.21.5 want: 0.21.5
533 silly placeDep ROOT @esbuild/freebsd-arm64@0.21.5 OK for: esbuild@0.21.5 want: 0.21.5
534 silly placeDep ROOT @esbuild/freebsd-x64@0.21.5 OK for: esbuild@0.21.5 want: 0.21.5
535 silly placeDep ROOT @esbuild/linux-arm@0.21.5 OK for: esbuild@0.21.5 want: 0.21.5
536 silly placeDep ROOT @esbuild/linux-arm64@0.21.5 OK for: esbuild@0.21.5 want: 0.21.5
537 silly placeDep ROOT @esbuild/linux-ia32@0.21.5 OK for: esbuild@0.21.5 want: 0.21.5
538 silly placeDep ROOT @esbuild/linux-loong64@0.21.5 OK for: esbuild@0.21.5 want: 0.21.5
539 silly placeDep ROOT @esbuild/linux-mips64el@0.21.5 OK for: esbuild@0.21.5 want: 0.21.5
540 silly placeDep ROOT @esbuild/linux-ppc64@0.21.5 OK for: esbuild@0.21.5 want: 0.21.5
541 silly placeDep ROOT @esbuild/linux-riscv64@0.21.5 OK for: esbuild@0.21.5 want: 0.21.5
542 silly placeDep ROOT @esbuild/linux-s390x@0.21.5 OK for: esbuild@0.21.5 want: 0.21.5
543 silly placeDep ROOT @esbuild/linux-x64@0.21.5 OK for: esbuild@0.21.5 want: 0.21.5
544 silly placeDep ROOT @esbuild/netbsd-x64@0.21.5 OK for: esbuild@0.21.5 want: 0.21.5
545 silly placeDep ROOT @esbuild/openbsd-x64@0.21.5 OK for: esbuild@0.21.5 want: 0.21.5
546 silly placeDep ROOT @esbuild/sunos-x64@0.21.5 OK for: esbuild@0.21.5 want: 0.21.5
547 silly placeDep ROOT @esbuild/win32-arm64@0.21.5 OK for: esbuild@0.21.5 want: 0.21.5
548 silly placeDep ROOT @esbuild/win32-ia32@0.21.5 OK for: esbuild@0.21.5 want: 0.21.5
549 silly placeDep ROOT @esbuild/win32-x64@0.21.5 OK for: esbuild@0.21.5 want: 0.21.5
550 timing idealTree:node_modules/esbuild Completed in 60ms
551 timing idealTree:node_modules/@esbuild/aix-ppc64 Completed in 0ms
552 timing idealTree:node_modules/@esbuild/android-arm Completed in 0ms
553 timing idealTree:node_modules/@esbuild/android-arm64 Completed in 0ms
554 timing idealTree:node_modules/@esbuild/android-x64 Completed in 0ms
555 timing idealTree:node_modules/@esbuild/darwin-arm64 Completed in 0ms
556 timing idealTree:node_modules/@esbuild/darwin-x64 Completed in 0ms
557 timing idealTree:node_modules/@esbuild/freebsd-arm64 Completed in 0ms
558 timing idealTree:node_modules/@esbuild/freebsd-x64 Completed in 0ms
559 timing idealTree:node_modules/@esbuild/linux-arm Completed in 0ms
560 timing idealTree:node_modules/@esbuild/linux-arm64 Completed in 0ms
561 timing idealTree:node_modules/@esbuild/linux-ia32 Completed in 0ms
562 timing idealTree:node_modules/@esbuild/linux-loong64 Completed in 0ms
563 timing idealTree:node_modules/@esbuild/linux-mips64el Completed in 0ms
564 timing idealTree:node_modules/@esbuild/linux-ppc64 Completed in 0ms
565 timing idealTree:node_modules/@esbuild/linux-riscv64 Completed in 0ms
566 timing idealTree:node_modules/@esbuild/linux-s390x Completed in 0ms
567 timing idealTree:node_modules/@esbuild/linux-x64 Completed in 0ms
568 timing idealTree:node_modules/@esbuild/netbsd-x64 Completed in 0ms
569 timing idealTree:node_modules/@esbuild/openbsd-x64 Completed in 0ms
570 timing idealTree:node_modules/@esbuild/sunos-x64 Completed in 0ms
571 timing idealTree:node_modules/@esbuild/win32-arm64 Completed in 0ms
572 timing idealTree:node_modules/@esbuild/win32-ia32 Completed in 0ms
573 timing idealTree:node_modules/@esbuild/win32-x64 Completed in 0ms
574 silly placeDep ROOT nanoid@3.3.7 OK for: postcss@8.4.47 want: ^3.3.7
575 timing idealTree:node_modules/postcss Completed in 3ms
576 timing idealTree:node_modules/nanoid Completed in 0ms
577 silly placeDep ROOT @rollup/rollup-android-arm-eabi@4.22.4 OK for: rollup@4.22.4 want: 4.22.4
578 silly placeDep ROOT @rollup/rollup-android-arm64@4.22.4 OK for: rollup@4.22.4 want: 4.22.4
579 silly placeDep ROOT @rollup/rollup-darwin-arm64@4.22.4 OK for: rollup@4.22.4 want: 4.22.4
580 silly placeDep ROOT @rollup/rollup-darwin-x64@4.22.4 OK for: rollup@4.22.4 want: 4.22.4
581 silly placeDep ROOT @rollup/rollup-linux-arm-gnueabihf@4.22.4 OK for: rollup@4.22.4 want: 4.22.4
582 silly placeDep ROOT @rollup/rollup-linux-arm-musleabihf@4.22.4 OK for: rollup@4.22.4 want: 4.22.4
583 silly placeDep ROOT @rollup/rollup-linux-arm64-gnu@4.22.4 OK for: rollup@4.22.4 want: 4.22.4
584 silly placeDep ROOT @rollup/rollup-linux-arm64-musl@4.22.4 OK for: rollup@4.22.4 want: 4.22.4
585 silly placeDep ROOT @rollup/rollup-linux-powerpc64le-gnu@4.22.4 OK for: rollup@4.22.4 want: 4.22.4
586 silly placeDep ROOT @rollup/rollup-linux-riscv64-gnu@4.22.4 OK for: rollup@4.22.4 want: 4.22.4
587 silly placeDep ROOT @rollup/rollup-linux-s390x-gnu@4.22.4 OK for: rollup@4.22.4 want: 4.22.4
588 silly placeDep ROOT @rollup/rollup-linux-x64-gnu@4.22.4 OK for: rollup@4.22.4 want: 4.22.4
589 silly placeDep ROOT @rollup/rollup-linux-x64-musl@4.22.4 OK for: rollup@4.22.4 want: 4.22.4
590 silly placeDep ROOT @rollup/rollup-win32-arm64-msvc@4.22.4 OK for: rollup@4.22.4 want: 4.22.4
591 silly placeDep ROOT @rollup/rollup-win32-ia32-msvc@4.22.4 OK for: rollup@4.22.4 want: 4.22.4
592 silly placeDep ROOT @rollup/rollup-win32-x64-msvc@4.22.4 OK for: rollup@4.22.4 want: 4.22.4
593 silly placeDep node_modules/rollup @types/estree@1.0.5 OK for: rollup@4.22.4 want: 1.0.5
594 timing idealTree:node_modules/rollup Completed in 59ms
595 timing idealTree:node_modules/@rollup/rollup-android-arm-eabi Completed in 0ms
596 timing idealTree:node_modules/@rollup/rollup-android-arm64 Completed in 0ms
597 timing idealTree:node_modules/@rollup/rollup-darwin-arm64 Completed in 0ms
598 timing idealTree:node_modules/@rollup/rollup-darwin-x64 Completed in 0ms
599 timing idealTree:node_modules/@rollup/rollup-linux-arm-gnueabihf Completed in 0ms
600 timing idealTree:node_modules/@rollup/rollup-linux-arm-musleabihf Completed in 0ms
601 timing idealTree:node_modules/@rollup/rollup-linux-arm64-gnu Completed in 0ms
602 timing idealTree:node_modules/@rollup/rollup-linux-arm64-musl Completed in 0ms
603 timing idealTree:node_modules/@rollup/rollup-linux-powerpc64le-gnu Completed in 0ms
604 timing idealTree:node_modules/@rollup/rollup-linux-riscv64-gnu Completed in 0ms
605 timing idealTree:node_modules/@rollup/rollup-linux-s390x-gnu Completed in 1ms
606 timing idealTree:node_modules/@rollup/rollup-linux-x64-gnu Completed in 0ms
607 timing idealTree:node_modules/@rollup/rollup-linux-x64-musl Completed in 0ms
608 timing idealTree:node_modules/@rollup/rollup-win32-arm64-msvc Completed in 0ms
609 timing idealTree:node_modules/@rollup/rollup-win32-ia32-msvc Completed in 0ms
610 timing idealTree:node_modules/@rollup/rollup-win32-x64-msvc Completed in 0ms
611 timing idealTree:node_modules/vitefu Completed in 0ms
612 timing idealTree:node_modules/wrappy Completed in 1ms
613 timing idealTree:node_modules/rollup/node_modules/@types/estree Completed in 0ms
614 timing idealTree:buildDeps Completed in 11868ms
615 timing idealTree:fixDepFlags Completed in 4ms
616 timing idealTree Completed in 11897ms
617 timing reify:loadTrees Completed in 11898ms
618 timing reify:diffTrees Completed in 4ms
619 silly reify moves {}
620 timing reify:retireShallow Completed in 2ms
621 timing reify:createSparse Completed in 28ms
622 timing reify:loadBundles Completed in 0ms
623 silly audit bulk request {
623 silly audit   '@sveltejs/adapter-auto': [ '3.2.5' ],
623 silly audit   '@sveltejs/kit': [ '2.5.28' ],
623 silly audit   '@sveltejs/vite-plugin-svelte': [ '3.1.2' ],
623 silly audit   vite: [ '5.4.7' ],
623 silly audit   svelte: [ '4.2.19' ],
623 silly audit   'svelte-check': [ '3.8.6' ],
623 silly audit   typescript: [ '5.6.2' ],
623 silly audit   'import-meta-resolve': [ '4.1.0' ],
623 silly audit   '@types/cookie': [ '0.6.0' ],
623 silly audit   cookie: [ '0.6.0' ],
623 silly audit   devalue: [ '5.0.0' ],
623 silly audit   'esm-env': [ '1.0.0' ],
623 silly audit   kleur: [ '4.1.5' ],
623 silly audit   'magic-string': [ '0.30.11' ],
623 silly audit   mrmime: [ '2.0.0' ],
623 silly audit   sade: [ '1.8.1' ],
623 silly audit   'set-cookie-parser': [ '2.7.0' ],
623 silly audit   sirv: [ '2.0.4' ],
623 silly audit   'tiny-glob': [ '0.2.9' ],
623 silly audit   '@sveltejs/vite-plugin-svelte-inspector': [ '2.1.0' ],
623 silly audit   debug: [ '4.3.7' ],
623 silly audit   deepmerge: [ '4.3.1' ],
623 silly audit   'svelte-hmr': [ '0.16.0' ],
623 silly audit   vitefu: [ '0.2.5' ],
623 silly audit   ms: [ '2.1.3' ],
623 silly audit   '@jridgewell/sourcemap-codec': [ '1.5.0' ],
623 silly audit   mri: [ '1.2.0' ],
623 silly audit   '@polka/url': [ '1.0.0-next.28' ],
623 silly audit   totalist: [ '3.0.1' ],
623 silly audit   '@ampproject/remapping': [ '2.3.0' ],
623 silly audit   '@jridgewell/trace-mapping': [ '0.3.25' ],
623 silly audit   '@types/estree': [ '1.0.6', '1.0.5' ],
623 silly audit   acorn: [ '8.12.1' ],
623 silly audit   'aria-query': [ '5.3.2' ],
623 silly audit   'axobject-query': [ '4.1.0' ],
623 silly audit   'code-red': [ '1.0.4' ],
623 silly audit   'css-tree': [ '2.3.1' ],
623 silly audit   'estree-walker': [ '3.0.3' ],
623 silly audit   'is-reference': [ '3.0.2' ],
623 silly audit   'locate-character': [ '3.0.0' ],
623 silly audit   periscopic: [ '3.1.0' ],
623 silly audit   '@jridgewell/gen-mapping': [ '0.3.5' ],
623 silly audit   '@jridgewell/set-array': [ '1.2.1' ],
623 silly audit   '@jridgewell/resolve-uri': [ '3.1.2' ],
623 silly audit   'mdn-data': [ '2.0.30' ],
623 silly audit   'source-map-js': [ '1.2.1' ],
623 silly audit   chokidar: [ '3.6.0' ],
623 silly audit   picocolors: [ '1.1.0' ],
623 silly audit   'svelte-preprocess': [ '5.1.4' ],
623 silly audit   anymatch: [ '3.1.3' ],
623 silly audit   braces: [ '3.0.3' ],
623 silly audit   fsevents: [ '2.3.3' ],
623 silly audit   'glob-parent': [ '5.1.2' ],
623 silly audit   'is-binary-path': [ '2.1.0' ],
623 silly audit   'is-glob': [ '4.0.3' ],
623 silly audit   'normalize-path': [ '3.0.0' ],
623 silly audit   readdirp: [ '3.6.0' ],
623 silly audit   picomatch: [ '2.3.1' ],
623 silly audit   'fill-range': [ '7.1.1' ],
623 silly audit   'to-regex-range': [ '5.0.1' ],
623 silly audit   'binary-extensions': [ '2.3.0' ],
623 silly audit   'is-extglob': [ '2.1.1' ],
623 silly audit   '@types/pug': [ '2.0.10' ],
623 silly audit   'detect-indent': [ '6.1.0' ],
623 silly audit   sorcery: [ '0.11.1' ],
623 silly audit   'strip-indent': [ '3.0.0' ],
623 silly audit   'buffer-crc32': [ '1.0.0' ],
623 silly audit   minimist: [ '1.2.8' ],
623 silly audit   sander: [ '0.5.1' ],
623 silly audit   'es6-promise': [ '3.3.1' ],
623 silly audit   'graceful-fs': [ '4.2.11' ],
623 silly audit   mkdirp: [ '0.5.6' ],
623 silly audit   rimraf: [ '2.7.1' ],
623 silly audit   glob: [ '7.2.3' ],
623 silly audit   'fs.realpath': [ '1.0.0' ],
623 silly audit   inflight: [ '1.0.6' ],
623 silly audit   inherits: [ '2.0.4' ],
623 silly audit   minimatch: [ '3.1.2' ],
623 silly audit   once: [ '1.4.0' ],
623 silly audit   'path-is-absolute': [ '1.0.1' ],
623 silly audit   wrappy: [ '1.0.2' ],
623 silly audit   'brace-expansion': [ '1.1.11' ],
623 silly audit   'balanced-match': [ '1.0.2' ],
623 silly audit   'concat-map': [ '0.0.1' ],
623 silly audit   'min-indent': [ '1.0.1' ],
623 silly audit   globalyzer: [ '0.1.0' ],
623 silly audit   globrex: [ '0.1.2' ],
623 silly audit   'is-number': [ '7.0.0' ],
623 silly audit   esbuild: [ '0.21.5' ],
623 silly audit   postcss: [ '8.4.47' ],
623 silly audit   rollup: [ '4.22.4' ],
623 silly audit   '@esbuild/aix-ppc64': [ '0.21.5' ],
623 silly audit   '@esbuild/android-arm': [ '0.21.5' ],
623 silly audit   '@esbuild/android-arm64': [ '0.21.5' ],
623 silly audit   '@esbuild/android-x64': [ '0.21.5' ],
623 silly audit   '@esbuild/darwin-arm64': [ '0.21.5' ],
623 silly audit   '@esbuild/darwin-x64': [ '0.21.5' ],
623 silly audit   '@esbuild/freebsd-arm64': [ '0.21.5' ],
623 silly audit   '@esbuild/freebsd-x64': [ '0.21.5' ],
623 silly audit   '@esbuild/linux-arm': [ '0.21.5' ],
623 silly audit   '@esbuild/linux-arm64': [ '0.21.5' ],
623 silly audit   '@esbuild/linux-ia32': [ '0.21.5' ],
623 silly audit   '@esbuild/linux-loong64': [ '0.21.5' ],
623 silly audit   '@esbuild/linux-mips64el': [ '0.21.5' ],
623 silly audit   '@esbuild/linux-ppc64': [ '0.21.5' ],
623 silly audit   '@esbuild/linux-riscv64': [ '0.21.5' ],
623 silly audit   '@esbuild/linux-s390x': [ '0.21.5' ],
623 silly audit   '@esbuild/linux-x64': [ '0.21.5' ],
623 silly audit   '@esbuild/netbsd-x64': [ '0.21.5' ],
623 silly audit   '@esbuild/openbsd-x64': [ '0.21.5' ],
623 silly audit   '@esbuild/sunos-x64': [ '0.21.5' ],
623 silly audit   '@esbuild/win32-arm64': [ '0.21.5' ],
623 silly audit   '@esbuild/win32-ia32': [ '0.21.5' ],
623 silly audit   '@esbuild/win32-x64': [ '0.21.5' ],
623 silly audit   nanoid: [ '3.3.7' ],
623 silly audit   '@rollup/rollup-android-arm-eabi': [ '4.22.4' ],
623 silly audit   '@rollup/rollup-android-arm64': [ '4.22.4' ],
623 silly audit   '@rollup/rollup-darwin-arm64': [ '4.22.4' ],
623 silly audit   '@rollup/rollup-darwin-x64': [ '4.22.4' ],
623 silly audit   '@rollup/rollup-linux-arm-gnueabihf': [ '4.22.4' ],
623 silly audit   '@rollup/rollup-linux-arm-musleabihf': [ '4.22.4' ],
623 silly audit   '@rollup/rollup-linux-arm64-gnu': [ '4.22.4' ],
623 silly audit   '@rollup/rollup-linux-arm64-musl': [ '4.22.4' ],
623 silly audit   '@rollup/rollup-linux-powerpc64le-gnu': [ '4.22.4' ],
623 silly audit   '@rollup/rollup-linux-riscv64-gnu': [ '4.22.4' ],
623 silly audit   '@rollup/rollup-linux-s390x-gnu': [ '4.22.4' ],
623 silly audit   '@rollup/rollup-linux-x64-gnu': [ '4.22.4' ],
623 silly audit   '@rollup/rollup-linux-x64-musl': [ '4.22.4' ],
623 silly audit   '@rollup/rollup-win32-arm64-msvc': [ '4.22.4' ],
623 silly audit   '@rollup/rollup-win32-ia32-msvc': [ '4.22.4' ],
623 silly audit   '@rollup/rollup-win32-x64-msvc': [ '4.22.4' ]
623 silly audit }
624 verbose reify failed optional dependency /srv/data/vhosts/iproject.at/httpdocs/node_modules/@rollup/rollup-win32-x64-msvc
625 silly reify mark deleted [
625 silly reify   '/srv/data/vhosts/iproject.at/httpdocs/node_modules/@rollup/rollup-win32-x64-msvc'
625 silly reify ]
626 verbose reify failed optional dependency /srv/data/vhosts/iproject.at/httpdocs/node_modules/@rollup/rollup-win32-ia32-msvc
627 silly reify mark deleted [
627 silly reify   '/srv/data/vhosts/iproject.at/httpdocs/node_modules/@rollup/rollup-win32-ia32-msvc'
627 silly reify ]
628 verbose reify failed optional dependency /srv/data/vhosts/iproject.at/httpdocs/node_modules/@rollup/rollup-win32-arm64-msvc
629 silly reify mark deleted [
629 silly reify   '/srv/data/vhosts/iproject.at/httpdocs/node_modules/@rollup/rollup-win32-arm64-msvc'
629 silly reify ]
630 verbose reify failed optional dependency /srv/data/vhosts/iproject.at/httpdocs/node_modules/@rollup/rollup-linux-x64-musl
631 silly reify mark deleted [
631 silly reify   '/srv/data/vhosts/iproject.at/httpdocs/node_modules/@rollup/rollup-linux-x64-musl'
631 silly reify ]
632 verbose reify failed optional dependency /srv/data/vhosts/iproject.at/httpdocs/node_modules/@rollup/rollup-linux-s390x-gnu
633 silly reify mark deleted [
633 silly reify   '/srv/data/vhosts/iproject.at/httpdocs/node_modules/@rollup/rollup-linux-s390x-gnu'
633 silly reify ]
634 verbose reify failed optional dependency /srv/data/vhosts/iproject.at/httpdocs/node_modules/@rollup/rollup-linux-riscv64-gnu
635 silly reify mark deleted [
635 silly reify   '/srv/data/vhosts/iproject.at/httpdocs/node_modules/@rollup/rollup-linux-riscv64-gnu'
635 silly reify ]
636 verbose reify failed optional dependency /srv/data/vhosts/iproject.at/httpdocs/node_modules/@rollup/rollup-linux-powerpc64le-gnu
637 silly reify mark deleted [
637 silly reify   '/srv/data/vhosts/iproject.at/httpdocs/node_modules/@rollup/rollup-linux-powerpc64le-gnu'
637 silly reify ]
638 verbose reify failed optional dependency /srv/data/vhosts/iproject.at/httpdocs/node_modules/@rollup/rollup-linux-arm64-musl
639 silly reify mark deleted [
639 silly reify   '/srv/data/vhosts/iproject.at/httpdocs/node_modules/@rollup/rollup-linux-arm64-musl'
639 silly reify ]
640 verbose reify failed optional dependency /srv/data/vhosts/iproject.at/httpdocs/node_modules/@rollup/rollup-linux-arm64-gnu
641 silly reify mark deleted [
641 silly reify   '/srv/data/vhosts/iproject.at/httpdocs/node_modules/@rollup/rollup-linux-arm64-gnu'
641 silly reify ]
642 verbose reify failed optional dependency /srv/data/vhosts/iproject.at/httpdocs/node_modules/@rollup/rollup-linux-arm-musleabihf
643 silly reify mark deleted [
643 silly reify   '/srv/data/vhosts/iproject.at/httpdocs/node_modules/@rollup/rollup-linux-arm-musleabihf'
643 silly reify ]
644 verbose reify failed optional dependency /srv/data/vhosts/iproject.at/httpdocs/node_modules/@rollup/rollup-linux-arm-gnueabihf
645 silly reify mark deleted [
645 silly reify   '/srv/data/vhosts/iproject.at/httpdocs/node_modules/@rollup/rollup-linux-arm-gnueabihf'
645 silly reify ]
646 verbose reify failed optional dependency /srv/data/vhosts/iproject.at/httpdocs/node_modules/@rollup/rollup-darwin-x64
647 silly reify mark deleted [
647 silly reify   '/srv/data/vhosts/iproject.at/httpdocs/node_modules/@rollup/rollup-darwin-x64'
647 silly reify ]
648 verbose reify failed optional dependency /srv/data/vhosts/iproject.at/httpdocs/node_modules/@rollup/rollup-darwin-arm64
649 silly reify mark deleted [
649 silly reify   '/srv/data/vhosts/iproject.at/httpdocs/node_modules/@rollup/rollup-darwin-arm64'
649 silly reify ]
650 verbose reify failed optional dependency /srv/data/vhosts/iproject.at/httpdocs/node_modules/@rollup/rollup-android-arm64
651 silly reify mark deleted [
651 silly reify   '/srv/data/vhosts/iproject.at/httpdocs/node_modules/@rollup/rollup-android-arm64'
651 silly reify ]
652 verbose reify failed optional dependency /srv/data/vhosts/iproject.at/httpdocs/node_modules/@rollup/rollup-android-arm-eabi
653 silly reify mark deleted [
653 silly reify   '/srv/data/vhosts/iproject.at/httpdocs/node_modules/@rollup/rollup-android-arm-eabi'
653 silly reify ]
654 verbose reify failed optional dependency /srv/data/vhosts/iproject.at/httpdocs/node_modules/@esbuild/win32-x64
655 silly reify mark deleted [
655 silly reify   '/srv/data/vhosts/iproject.at/httpdocs/node_modules/@esbuild/win32-x64'
655 silly reify ]
656 verbose reify failed optional dependency /srv/data/vhosts/iproject.at/httpdocs/node_modules/@esbuild/win32-ia32
657 silly reify mark deleted [
657 silly reify   '/srv/data/vhosts/iproject.at/httpdocs/node_modules/@esbuild/win32-ia32'
657 silly reify ]
658 verbose reify failed optional dependency /srv/data/vhosts/iproject.at/httpdocs/node_modules/@esbuild/win32-arm64
659 silly reify mark deleted [
659 silly reify   '/srv/data/vhosts/iproject.at/httpdocs/node_modules/@esbuild/win32-arm64'
659 silly reify ]
660 verbose reify failed optional dependency /srv/data/vhosts/iproject.at/httpdocs/node_modules/@esbuild/sunos-x64
661 silly reify mark deleted [
661 silly reify   '/srv/data/vhosts/iproject.at/httpdocs/node_modules/@esbuild/sunos-x64'
661 silly reify ]
662 verbose reify failed optional dependency /srv/data/vhosts/iproject.at/httpdocs/node_modules/@esbuild/openbsd-x64
663 silly reify mark deleted [
663 silly reify   '/srv/data/vhosts/iproject.at/httpdocs/node_modules/@esbuild/openbsd-x64'
663 silly reify ]
664 verbose reify failed optional dependency /srv/data/vhosts/iproject.at/httpdocs/node_modules/@esbuild/netbsd-x64
665 silly reify mark deleted [
665 silly reify   '/srv/data/vhosts/iproject.at/httpdocs/node_modules/@esbuild/netbsd-x64'
665 silly reify ]
666 verbose reify failed optional dependency /srv/data/vhosts/iproject.at/httpdocs/node_modules/@esbuild/linux-s390x
667 silly reify mark deleted [
667 silly reify   '/srv/data/vhosts/iproject.at/httpdocs/node_modules/@esbuild/linux-s390x'
667 silly reify ]
668 verbose reify failed optional dependency /srv/data/vhosts/iproject.at/httpdocs/node_modules/@esbuild/linux-riscv64
669 silly reify mark deleted [
669 silly reify   '/srv/data/vhosts/iproject.at/httpdocs/node_modules/@esbuild/linux-riscv64'
669 silly reify ]
670 verbose reify failed optional dependency /srv/data/vhosts/iproject.at/httpdocs/node_modules/@esbuild/linux-ppc64
671 silly reify mark deleted [
671 silly reify   '/srv/data/vhosts/iproject.at/httpdocs/node_modules/@esbuild/linux-ppc64'
671 silly reify ]
672 verbose reify failed optional dependency /srv/data/vhosts/iproject.at/httpdocs/node_modules/@esbuild/linux-mips64el
673 silly reify mark deleted [
673 silly reify   '/srv/data/vhosts/iproject.at/httpdocs/node_modules/@esbuild/linux-mips64el'
673 silly reify ]
674 verbose reify failed optional dependency /srv/data/vhosts/iproject.at/httpdocs/node_modules/@esbuild/linux-loong64
675 silly reify mark deleted [
675 silly reify   '/srv/data/vhosts/iproject.at/httpdocs/node_modules/@esbuild/linux-loong64'
675 silly reify ]
676 verbose reify failed optional dependency /srv/data/vhosts/iproject.at/httpdocs/node_modules/@esbuild/linux-ia32
677 silly reify mark deleted [
677 silly reify   '/srv/data/vhosts/iproject.at/httpdocs/node_modules/@esbuild/linux-ia32'
677 silly reify ]
678 verbose reify failed optional dependency /srv/data/vhosts/iproject.at/httpdocs/node_modules/@esbuild/linux-arm64
679 silly reify mark deleted [
679 silly reify   '/srv/data/vhosts/iproject.at/httpdocs/node_modules/@esbuild/linux-arm64'
679 silly reify ]
680 verbose reify failed optional dependency /srv/data/vhosts/iproject.at/httpdocs/node_modules/@esbuild/linux-arm
681 silly reify mark deleted [
681 silly reify   '/srv/data/vhosts/iproject.at/httpdocs/node_modules/@esbuild/linux-arm'
681 silly reify ]
682 verbose reify failed optional dependency /srv/data/vhosts/iproject.at/httpdocs/node_modules/@esbuild/freebsd-x64
683 silly reify mark deleted [
683 silly reify   '/srv/data/vhosts/iproject.at/httpdocs/node_modules/@esbuild/freebsd-x64'
683 silly reify ]
684 verbose reify failed optional dependency /srv/data/vhosts/iproject.at/httpdocs/node_modules/@esbuild/freebsd-arm64
685 silly reify mark deleted [
685 silly reify   '/srv/data/vhosts/iproject.at/httpdocs/node_modules/@esbuild/freebsd-arm64'
685 silly reify ]
686 verbose reify failed optional dependency /srv/data/vhosts/iproject.at/httpdocs/node_modules/@esbuild/darwin-x64
687 silly reify mark deleted [
687 silly reify   '/srv/data/vhosts/iproject.at/httpdocs/node_modules/@esbuild/darwin-x64'
687 silly reify ]
688 verbose reify failed optional dependency /srv/data/vhosts/iproject.at/httpdocs/node_modules/@esbuild/darwin-arm64
689 silly reify mark deleted [
689 silly reify   '/srv/data/vhosts/iproject.at/httpdocs/node_modules/@esbuild/darwin-arm64'
689 silly reify ]
690 verbose reify failed optional dependency /srv/data/vhosts/iproject.at/httpdocs/node_modules/@esbuild/android-x64
691 silly reify mark deleted [
691 silly reify   '/srv/data/vhosts/iproject.at/httpdocs/node_modules/@esbuild/android-x64'
691 silly reify ]
692 verbose reify failed optional dependency /srv/data/vhosts/iproject.at/httpdocs/node_modules/@esbuild/android-arm64
693 silly reify mark deleted [
693 silly reify   '/srv/data/vhosts/iproject.at/httpdocs/node_modules/@esbuild/android-arm64'
693 silly reify ]
694 verbose reify failed optional dependency /srv/data/vhosts/iproject.at/httpdocs/node_modules/@esbuild/android-arm
695 silly reify mark deleted [
695 silly reify   '/srv/data/vhosts/iproject.at/httpdocs/node_modules/@esbuild/android-arm'
695 silly reify ]
696 verbose reify failed optional dependency /srv/data/vhosts/iproject.at/httpdocs/node_modules/@esbuild/aix-ppc64
697 silly reify mark deleted [
697 silly reify   '/srv/data/vhosts/iproject.at/httpdocs/node_modules/@esbuild/aix-ppc64'
697 silly reify ]
698 verbose reify failed optional dependency /srv/data/vhosts/iproject.at/httpdocs/node_modules/fsevents
699 silly reify mark deleted [ '/srv/data/vhosts/iproject.at/httpdocs/node_modules/fsevents' ]
700 timing reifyNode:node_modules/@rollup/rollup-win32-x64-msvc Completed in 759ms
701 timing reifyNode:node_modules/@rollup/rollup-win32-ia32-msvc Completed in 760ms
702 timing reifyNode:node_modules/@rollup/rollup-win32-arm64-msvc Completed in 760ms
703 timing reifyNode:node_modules/@rollup/rollup-linux-x64-musl Completed in 761ms
704 timing reifyNode:node_modules/@rollup/rollup-linux-s390x-gnu Completed in 760ms
705 timing reifyNode:node_modules/@rollup/rollup-linux-riscv64-gnu Completed in 760ms
706 timing reifyNode:node_modules/@rollup/rollup-linux-powerpc64le-gnu Completed in 761ms
707 timing reifyNode:node_modules/@rollup/rollup-linux-arm64-musl Completed in 761ms
708 timing reifyNode:node_modules/@rollup/rollup-linux-arm64-gnu Completed in 761ms
709 timing reifyNode:node_modules/@rollup/rollup-linux-arm-musleabihf Completed in 762ms
710 timing reifyNode:node_modules/@rollup/rollup-linux-arm-gnueabihf Completed in 761ms
711 timing reifyNode:node_modules/@rollup/rollup-darwin-x64 Completed in 761ms
712 timing reifyNode:node_modules/@rollup/rollup-darwin-arm64 Completed in 761ms
713 timing reifyNode:node_modules/@rollup/rollup-android-arm64 Completed in 762ms
714 timing reifyNode:node_modules/@rollup/rollup-android-arm-eabi Completed in 762ms
715 timing reifyNode:node_modules/@esbuild/win32-x64 Completed in 762ms
716 timing reifyNode:node_modules/@esbuild/win32-ia32 Completed in 762ms
717 timing reifyNode:node_modules/@esbuild/win32-arm64 Completed in 763ms
718 timing reifyNode:node_modules/@esbuild/sunos-x64 Completed in 763ms
719 timing reifyNode:node_modules/@esbuild/openbsd-x64 Completed in 763ms
720 timing reifyNode:node_modules/@esbuild/netbsd-x64 Completed in 763ms
721 timing reifyNode:node_modules/@esbuild/linux-s390x Completed in 763ms
722 timing reifyNode:node_modules/@esbuild/linux-riscv64 Completed in 763ms
723 timing reifyNode:node_modules/@esbuild/linux-ppc64 Completed in 763ms
724 timing reifyNode:node_modules/@esbuild/linux-mips64el Completed in 764ms
725 timing reifyNode:node_modules/@esbuild/linux-loong64 Completed in 764ms
726 timing reifyNode:node_modules/@esbuild/linux-ia32 Completed in 764ms
727 timing reifyNode:node_modules/@esbuild/linux-arm64 Completed in 764ms
728 timing reifyNode:node_modules/@esbuild/linux-arm Completed in 765ms
729 timing reifyNode:node_modules/@esbuild/freebsd-x64 Completed in 765ms
730 timing reifyNode:node_modules/@esbuild/freebsd-arm64 Completed in 765ms
731 timing reifyNode:node_modules/@esbuild/darwin-x64 Completed in 765ms
732 timing reifyNode:node_modules/@esbuild/darwin-arm64 Completed in 765ms
733 timing reifyNode:node_modules/@esbuild/android-x64 Completed in 765ms
734 timing reifyNode:node_modules/@esbuild/android-arm64 Completed in 765ms
735 timing reifyNode:node_modules/@esbuild/android-arm Completed in 765ms
736 timing reifyNode:node_modules/@esbuild/aix-ppc64 Completed in 766ms
737 timing reifyNode:node_modules/fsevents Completed in 763ms
738 silly tarball no local data for @rollup/rollup-linux-x64-gnu@https://registry.npmjs.org/@rollup/rollup-linux-x64-gnu/-/rollup-linux-x64-gnu-4.22.4.tgz. Extracting by manifest.
739 silly tarball no local data for rollup@https://registry.npmjs.org/rollup/-/rollup-4.22.4.tgz. Extracting by manifest.
740 http fetch POST 200 https://registry.npmjs.org/-/npm/v1/security/advisories/bulk 1327ms
741 timing auditReport:getReport Completed in 1334ms
742 silly audit report {}
743 timing auditReport:init Completed in 0ms
744 timing reify:audit Completed in 1336ms
745 timing reifyNode:node_modules/is-number Completed in 1394ms
746 timing reifyNode:node_modules/min-indent Completed in 1395ms
747 timing reifyNode:node_modules/brace-expansion Completed in 1394ms
748 timing reifyNode:node_modules/wrappy Completed in 1394ms
749 timing reifyNode:node_modules/once Completed in 1395ms
750 timing reifyNode:node_modules/path-is-absolute Completed in 1395ms
751 warn deprecated inflight@1.0.6: This module is not supported, and leaks memory. Do not use it. Check out lru-cache if you want a good and tested way to coalesce async requests by a key value, which is much more comprehensive and powerful.
752 timing reifyNode:node_modules/inflight Completed in 1396ms
753 timing reifyNode:node_modules/@types/pug Completed in 1396ms
754 timing reifyNode:node_modules/is-extglob Completed in 1397ms
755 timing reifyNode:node_modules/normalize-path Completed in 1397ms
756 timing reifyNode:node_modules/ms Completed in 1399ms
757 timing reifyNode:node_modules/@types/cookie Completed in 1400ms
758 timing reifyNode:node_modules/globrex Completed in 1409ms
759 timing reifyNode:node_modules/inherits Completed in 1408ms
760 timing reifyNode:node_modules/strip-indent Completed in 1409ms
761 timing reifyNode:node_modules/detect-indent Completed in 1409ms
762 timing reifyNode:node_modules/fill-range Completed in 1410ms
763 timing reifyNode:node_modules/to-regex-range Completed in 1410ms
764 timing reifyNode:node_modules/is-glob Completed in 1409ms
765 timing reifyNode:node_modules/glob-parent Completed in 1409ms
766 timing reifyNode:node_modules/is-binary-path Completed in 1410ms
767 timing reifyNode:node_modules/anymatch Completed in 1410ms
768 timing reifyNode:node_modules/@polka/url Completed in 1411ms
769 timing reifyNode:node_modules/globalyzer Completed in 1419ms
770 timing reifyNode:node_modules/balanced-match Completed in 1419ms
771 warn deprecated rimraf@2.7.1: Rimraf versions prior to v4 are no longer supported
772 timing reifyNode:node_modules/rimraf Completed in 1419ms
773 timing reifyNode:node_modules/fs.realpath Completed in 1420ms
774 timing reifyNode:node_modules/set-cookie-parser Completed in 1422ms
775 timing reifyNode:node_modules/@sveltejs/adapter-auto Completed in 1421ms
776 timing reifyNode:node_modules/minimatch Completed in 1428ms
777 timing reifyNode:node_modules/mkdirp Completed in 1430ms
778 timing reifyNode:node_modules/graceful-fs Completed in 1430ms
779 timing reifyNode:node_modules/binary-extensions Completed in 1430ms
780 timing reifyNode:node_modules/readdirp Completed in 1430ms
781 timing reifyNode:node_modules/is-reference Completed in 1430ms
782 timing reifyNode:node_modules/periscopic Completed in 1431ms
783 timing reifyNode:node_modules/@types/estree Completed in 1432ms
784 timing reifyNode:node_modules/tiny-glob Completed in 1432ms
785 timing reifyNode:node_modules/sirv Completed in 1433ms
786 timing reifyNode:node_modules/rollup/node_modules/@types/estree Completed in 1439ms
787 timing reifyNode:node_modules/picocolors Completed in 1438ms
788 timing reifyNode:node_modules/locate-character Completed in 1438ms
789 timing reifyNode:node_modules/mri Completed in 1439ms
790 timing reifyNode:node_modules/esm-env Completed in 1439ms
791 timing reifyNode:node_modules/cookie Completed in 1440ms
792 timing reifyNode:node_modules/mrmime Completed in 1442ms
793 timing reifyNode:node_modules/concat-map Completed in 1448ms
794 timing reifyNode:node_modules/debug Completed in 1447ms
795 timing reifyNode:node_modules/vitefu Completed in 1454ms
796 warn deprecated glob@7.2.3: Glob versions prior to v9 are no longer supported
797 timing reifyNode:node_modules/glob Completed in 1461ms
798 timing reifyNode:node_modules/buffer-crc32 Completed in 1461ms
799 timing reifyNode:node_modules/totalist Completed in 1461ms
800 timing reifyNode:node_modules/kleur Completed in 1460ms
801 timing reifyNode:node_modules/sade Completed in 1461ms
802 timing reifyNode:node_modules/@jridgewell/resolve-uri Completed in 1466ms
803 timing reifyNode:node_modules/@jridgewell/set-array Completed in 1465ms
804 timing reifyNode:node_modules/braces Completed in 1480ms
805 timing reifyNode:node_modules/estree-walker Completed in 1479ms
806 timing reifyNode:node_modules/devalue Completed in 1479ms
807 timing reifyNode:node_modules/deepmerge Completed in 1485ms
808 timing reifyNode:node_modules/@sveltejs/vite-plugin-svelte-inspector Completed in 1489ms
809 timing reifyNode:node_modules/esbuild Completed in 1496ms
810 timing reifyNode:node_modules/picomatch Completed in 1495ms
811 timing reifyNode:node_modules/chokidar Completed in 1494ms
812 timing reifyNode:node_modules/@jridgewell/gen-mapping Completed in 1501ms
813 timing reifyNode:node_modules/import-meta-resolve Completed in 1501ms
814 timing reifyNode:node_modules/@ampproject/remapping Completed in 1510ms
815 timing reifyNode:node_modules/code-red Completed in 1514ms
816 timing reifyNode:node_modules/@jridgewell/sourcemap-codec Completed in 1514ms
817 timing reifyNode:node_modules/svelte-hmr Completed in 1528ms
818 timing reifyNode:node_modules/sorcery Completed in 1541ms
819 timing reifyNode:node_modules/nanoid Completed in 1547ms
820 timing reifyNode:node_modules/@jridgewell/trace-mapping Completed in 1544ms
821 timing reifyNode:node_modules/minimist Completed in 1550ms
822 timing reifyNode:node_modules/source-map-js Completed in 1550ms
823 timing reifyNode:node_modules/es6-promise Completed in 1567ms
824 timing reifyNode:node_modules/magic-string Completed in 1576ms
825 timing reifyNode:node_modules/acorn Completed in 1580ms
826 timing reifyNode:node_modules/sander Completed in 1588ms
827 timing reifyNode:node_modules/@sveltejs/vite-plugin-svelte Completed in 1593ms
828 timing reifyNode:node_modules/mdn-data Completed in 1627ms
829 timing reifyNode:node_modules/postcss Completed in 1646ms
830 timing reifyNode:node_modules/axobject-query Completed in 1745ms
831 timing reifyNode:node_modules/svelte-preprocess Completed in 1753ms
832 http fetch GET 200 https://registry.npmjs.org/@rollup/rollup-linux-x64-gnu/-/rollup-linux-x64-gnu-4.22.4.tgz 976ms (cache miss)
833 timing reifyNode:node_modules/@rollup/rollup-linux-x64-gnu Completed in 1809ms
834 timing reifyNode:node_modules/aria-query Completed in 1806ms
835 http fetch GET 200 https://registry.npmjs.org/rollup/-/rollup-4.22.4.tgz 1000ms (cache miss)
836 timing reifyNode:node_modules/rollup Completed in 1829ms
837 timing reifyNode:node_modules/vite Completed in 1848ms
838 timing reifyNode:node_modules/@sveltejs/kit Completed in 1863ms
839 timing reifyNode:node_modules/svelte-check Completed in 1869ms
840 timing reifyNode:node_modules/css-tree Completed in 1939ms
841 timing reifyNode:node_modules/@esbuild/linux-x64 Completed in 1996ms
842 timing reifyNode:node_modules/svelte Completed in 2001ms
843 timing reifyNode:node_modules/typescript Completed in 2236ms
844 timing reify:unpack Completed in 2247ms
845 timing reify:unretire Completed in 1ms
846 timing build:queue Completed in 23ms
847 timing build:link:node_modules/@sveltejs/kit Completed in 19ms
848 timing build:link:node_modules/acorn Completed in 18ms
849 timing build:link:node_modules/esbuild Completed in 17ms
850 timing build:link:node_modules/mkdirp Completed in 17ms
851 timing build:link:node_modules/nanoid Completed in 16ms
852 timing build:link:node_modules/rollup Completed in 15ms
853 timing build:link:node_modules/sorcery Completed in 15ms
854 timing build:link:node_modules/svelte-check Completed in 15ms
855 timing build:link:node_modules/typescript Completed in 15ms
856 timing build:link:node_modules/rimraf Completed in 17ms
857 timing build:link:node_modules/vite Completed in 15ms
858 timing build:link Completed in 21ms
859 timing build:run:install Completed in 1ms
860 info run @sveltejs/kit@2.5.28 postinstall node_modules/@sveltejs/kit node postinstall.js
861 info run esbuild@0.21.5 postinstall node_modules/esbuild node install.js
862 info run svelte-preprocess@5.1.4 postinstall node_modules/svelte-preprocess echo "[svelte-preprocess] Don't forget to install the preprocessors packages that will be used: sass, stylus, less, postcss & postcss-load-config, coffeescript, pug, etc..."
863 info run svelte-preprocess@5.1.4 postinstall { code: 0, signal: null }
864 timing build:run:postinstall:node_modules/svelte-preprocess Completed in 20ms
865 info run esbuild@0.21.5 postinstall { code: 127, signal: null }
866 info run @sveltejs/kit@2.5.28 postinstall { code: 127, signal: null }
867 timing reify:rollback:createSparse Completed in 360ms
868 timing reify:rollback:retireShallow Completed in 0ms
869 timing command:install Completed in 14815ms
870 verbose stack Error: command failed
870 verbose stack     at ChildProcess.<anonymous> (/opt/plesk/node/21/lib/node_modules/npm/node_modules/@npmcli/promise-spawn/lib/index.js:53:27)
870 verbose stack     at ChildProcess.emit (node:events:519:28)
870 verbose stack     at maybeClose (node:internal/child_process:1105:16)
870 verbose stack     at ChildProcess._handle.onexit (node:internal/child_process:305:5)
871 verbose pkgid esbuild@0.21.5
872 verbose cwd /srv/data/vhosts/iproject.at/httpdocs
873 verbose Linux 5.4.0-193-generic
874 verbose node v21.7.3
875 verbose npm  v10.5.0
876 error code 127
877 error path /srv/data/vhosts/iproject.at/httpdocs/node_modules/esbuild
878 error command failed
879 error command sh -c node install.js
880 error nodenv: node: command not found
880 error
880 error The `node' command exists in these Node versions:
880 error   20
880 error   21
881 verbose exit 127
882 timing npm Completed in 15155ms
883 verbose unfinished npm timer reify 1726944011283
884 verbose unfinished npm timer reify:build 1726944025483
885 verbose unfinished npm timer build 1726944025484
886 verbose unfinished npm timer build:deps 1726944025485
887 verbose unfinished npm timer build:run:postinstall 1726944025531
888 verbose unfinished npm timer build:run:postinstall:node_modules/@sveltejs/kit 1726944025531
889 verbose unfinished npm timer build:run:postinstall:node_modules/esbuild 1726944025552
890 verbose code 127
891 error A complete log of this run can be found in: /var/www/vhosts/iproject.at/.npm/_logs/2024-09-21T18_40_10_943Z-debug-0.log
